Dump of the main :

```shell
(gdb) disass main
Dump of assembler code for function main:
   0x08048ec0 <+0>:	push   %ebp
   0x08048ec1 <+1>:	mov    %esp,%ebp
   0x08048ec3 <+3>:	and    $0xfffffff0,%esp
   0x08048ec6 <+6>:	sub    $0x20,%esp
   0x08048ec9 <+9>:	mov    0xc(%ebp),%eax
   0x08048ecc <+12>:	add    $0x4,%eax
   0x08048ecf <+15>:	mov    (%eax),%eax
   0x08048ed1 <+17>:	mov    %eax,(%esp)
   0x08048ed4 <+20>:	call   0x8049710 <atoi>
   0x08048ed9 <+25>:	cmp    $0x1a7,%eax
   0x08048ede <+30>:	jne    0x8048f58 <main+152>
   0x08048ee0 <+32>:	movl   $0x80c5348,(%esp)
   0x08048ee7 <+39>:	call   0x8050bf0 <strdup>
   0x08048eec <+44>:	mov    %eax,0x10(%esp)
   0x08048ef0 <+48>:	movl   $0x0,0x14(%esp)
   0x08048ef8 <+56>:	call   0x8054680 <getegid>
   0x08048efd <+61>:	mov    %eax,0x1c(%esp)
   0x08048f01 <+65>:	call   0x8054670 <geteuid>
   0x08048f06 <+70>:	mov    %eax,0x18(%esp)
   0x08048f0a <+74>:	mov    0x1c(%esp),%eax
   0x08048f0e <+78>:	mov    %eax,0x8(%esp)
   0x08048f12 <+82>:	mov    0x1c(%esp),%eax
   0x08048f16 <+86>:	mov    %eax,0x4(%esp)
   0x08048f1a <+90>:	mov    0x1c(%esp),%eax
   0x08048f1e <+94>:	mov    %eax,(%esp)
   0x08048f21 <+97>:	call   0x8054700 <setresgid>
   0x08048f26 <+102>:	mov    0x18(%esp),%eax
   0x08048f2a <+106>:	mov    %eax,0x8(%esp)
   0x08048f2e <+110>:	mov    0x18(%esp),%eax
   0x08048f32 <+114>:	mov    %eax,0x4(%esp)
   0x08048f36 <+118>:	mov    0x18(%esp),%eax
   0x08048f3a <+122>:	mov    %eax,(%esp)
   0x08048f3d <+125>:	call   0x8054690 <setresuid>
   0x08048f42 <+130>:	lea    0x10(%esp),%eax
   0x08048f46 <+134>:	mov    %eax,0x4(%esp)
   0x08048f4a <+138>:	movl   $0x80c5348,(%esp)
   0x08048f51 <+145>:	call   0x8054640 <execv>
   0x08048f56 <+150>:	jmp    0x8048f80 <main+192>
   0x08048f58 <+152>:	mov    0x80ee170,%eax
   0x08048f5d <+157>:	mov    %eax,%edx
   0x08048f5f <+159>:	mov    $0x80c5350,%eax
   0x08048f64 <+164>:	mov    %edx,0xc(%esp)
   0x08048f68 <+168>:	movl   $0x5,0x8(%esp)
   0x08048f70 <+176>:	movl   $0x1,0x4(%esp)
   0x08048f78 <+184>:	mov    %eax,(%esp)
   0x08048f7b <+187>:	call   0x804a230 <fwrite>
   0x08048f80 <+192>:	mov    $0x0,%eax
   0x08048f85 <+197>:	leave  
   0x08048f86 <+198>:	ret    

```

We can observe the string 'No !' stored in the eax register by setting a breakpoint after the jne instruction :

```shell
(gdb) b *0x08048f78
Breakpoint 3 at 0x8048f78
(gdb) x/s $eax
0x80c5350:	 "No !\n"
```

Furthermore, we can examine the values being compared, namely argv[1] and 423 :

```shell
(gdb) run 500
Starting program: /home/user/level0/level0 500

Breakpoint 1, 0x08048ed9 in main ()
(gdb) print $eax
$1 = 500
(gdb) print 0x1a7
$2 = 423
```

Hence, the required input value is 423 to retrieve the flag. By executing the program with the argument 423, we can access the content of the .pass file located in the level1 home path :

```shell
level0@RainFall:~$ ./level0 423
$ whoami
level1
$ cat /home/user/level1/.pass
1fe8a524fa4bec01ca4ea2a869af2a02260d4a7d5fe7e7c24d8617e6dca12d3a
```

Now, to reconstruct the source code, let's investigate the rest of the program. Setting a breakpoint at `0x08048eec`, we can inspect the return value of strdup in the eax register:

```shell
(gdb) x/s $eax
0x80f2718:	 "/bin/sh"
```

Upon checking the eax register after the getegid call (which returns the effective group ID of the caller), we find the value `2020`, and the same holds for the geteuid call:

```shell
(gdb) info registers
eax            0x7e4	2020
```

These values correspond to the group and user IDs of `level0`, as evident from the following terminal output:

```shell
level0@RainFall:~$ id
uid=2020(level0) gid=2020(level0) groups=2020(level0),100(users)
```

And these values are utilized as arguments in the calls to setresgid and setresuid. Finally, the /bin/sh command is executed by the call to execve.